<?xml version="1.0" encoding="UTF-8"?>
<!-- Generated by org.testng.reporters.JUnitReportReporter -->
<testsuite hostname="Pragti" failures="0" tests="1" name="pac4.PostRequest111Test" time="0.615" errors="0" timestamp="2024-05-29T18:40:58 IST" skipped="0">
  <testcase classname="pac4.PostRequest111Test" name="postreq11111Test" time="0.615"/>
  <system-out/>
</testsuite> <!-- pac4.PostRequest111Test -->
