<?xml version="1.0" encoding="UTF-8"?>
<!-- Generated by org.testng.reporters.JUnitReportReporter -->
<testsuite hostname="Pragti" failures="0" tests="1" name="pac1.PostApiRequestUsingPojosTest" time="0.715" errors="0" timestamp="2024-05-29T17:21:51 IST" skipped="0">
  <testcase classname="pac1.PostApiRequestUsingPojosTest" name="PostApiRequestTest" time="0.715"/>
  <system-out/>
</testsuite> <!-- pac1.PostApiRequestUsingPojosTest -->
