<?xml version="1.0" encoding="UTF-8"?>
<!-- Generated by org.testng.reporters.JUnitReportReporter -->
<testsuite hostname="Pragti" failures="0" tests="1" name="pac3.PostRequest111Test" time="0.606" errors="0" timestamp="2024-05-29T18:33:03 IST" skipped="0">
  <testcase classname="pac3.PostRequest111Test" name="postreq11111Test" time="0.606"/>
  <system-out/>
</testsuite> <!-- pac3.PostRequest111Test -->
