<?xml version="1.0" encoding="UTF-8"?>
<!-- Generated by org.testng.reporters.JUnitReportReporter -->
<testsuite hostname="Pragti" failures="0" tests="1" name="pac1.New1Test" time="0.077" errors="0" timestamp="2024-05-27T14:49:43 IST" skipped="0">
  <testcase classname="pac1.New1Test" name="fTest" time="0.077"/>
  <system-out/>
</testsuite> <!-- pac1.New1Test -->
