<?xml version="1.0" encoding="UTF-8"?>
<!-- Generated by org.testng.reporters.JUnitReportReporter -->
<testsuite hostname="Pragti" failures="0" tests="1" name="pac2.PostRequestTest" time="0.645" errors="0" timestamp="2024-05-28T17:40:14 IST" skipped="0">
  <testcase classname="pac2.PostRequestTest" name="postreqTest" time="0.645"/>
  <system-out/>
</testsuite> <!-- pac2.PostRequestTest -->
